<?xml version="1.0" encoding="UTF-8"?>
<testsuite xmlns:xsi="http://www.w3.org/2001/XMLSchema-instance" xsi:noNamespaceSchemaLocation="https://maven.apache.org/surefire/maven-surefire-plugin/xsd/surefire-test-report-3.0.xsd" version="3.0" name="org.example.lab2.StringCalculatorTest" time="0.13" tests="43" errors="0" skipped="0" failures="0">
  <properties>
[...]
</properties>
  <testcase name="multipleVariables" classname="org.example.lab2.StringCalculatorTest" time="0.028"/>
  <testcase name="expressionWithUnknownSymbol" classname="org.example.lab2.StringCalculatorTest" time="0.003"/>
  <testcase name="sqrtOf4" classname="org.example.lab2.StringCalculatorTest" time="0.001"/>
  <testcase name="sqrtOf9" classname="org.example.lab2.StringCalculatorTest" time="0.001"/>
  <testcase name="subtraction" classname="org.example.lab2.StringCalculatorTest" time="0.0"/>
  <testcase name="expressionWithSpaces" classname="org.example.lab2.StringCalculatorTest" time="0.0"/>
  <testcase name="functionInExpression" classname="org.example.lab2.StringCalculatorTest" time="0.001"/>
  <testcase name="unknownVariable" classname="org.example.lab2.StringCalculatorTest" time="0.001"/>
  <testcase name="expressionWithManySpaces" classname="org.example.lab2.StringCalculatorTest" time="0.001"/>
  <testcase name="cosOf0" classname="org.example.lab2.StringCalculatorTest" time="0.001"/>
  <testcase name="expressionWithUnknownFunction" classname="org.example.lab2.StringCalculatorTest" time="0.001"/>
  <testcase name="addition" classname="org.example.lab2.StringCalculatorTest" time="0.0"/>
  <testcase name="singleVariable" classname="org.example.lab2.StringCalculatorTest" time="0.0"/>
  <testcase name="variableInExpression" classname="org.example.lab2.StringCalculatorTest" time="0.001"/>
  <testcase name="sinOf0" classname="org.example.lab2.StringCalculatorTest" time="0.0"/>
  <testcase name="extractVariableNames" classname="org.example.lab2.StringCalculatorTest" time="0.0"/>
  <testcase name="absOfPositive" classname="org.example.lab2.StringCalculatorTest" time="0.0"/>
  <testcase name="emptyExpression" classname="org.example.lab2.StringCalculatorTest" time="0.001"/>
  <testcase name="mismatchedOpenParenthesis" classname="org.example.lab2.StringCalculatorTest" time="0.003"/>
  <testcase name="absOfNegative" classname="org.example.lab2.StringCalculatorTest" time="0.001"/>
  <testcase name="negativeVariable" classname="org.example.lab2.StringCalculatorTest" time="0.001"/>
  <testcase name="division" classname="org.example.lab2.StringCalculatorTest" time="0.001"/>
  <testcase name="unaryMinus" classname="org.example.lab2.StringCalculatorTest" time="0.001"/>
  <testcase name="decimalMultiplication" classname="org.example.lab2.StringCalculatorTest" time="0.0"/>
  <testcase name="unaryMinusInExpression" classname="org.example.lab2.StringCalculatorTest" time="0.002"/>
  <testcase name="multiplication" classname="org.example.lab2.StringCalculatorTest" time="0.001"/>
  <testcase name="cosOf60" classname="org.example.lab2.StringCalculatorTest" time="0.0"/>
  <testcase name="cosOf90" classname="org.example.lab2.StringCalculatorTest" time="0.0"/>
  <testcase name="parentheses(String, double)[1]" classname="org.example.lab2.StringCalculatorTest" time="0.015"/>
  <testcase name="parentheses(String, double)[2]" classname="org.example.lab2.StringCalculatorTest" time="0.001"/>
  <testcase name="parentheses(String, double)[3]" classname="org.example.lab2.StringCalculatorTest" time="0.002"/>
  <testcase name="parentheses(String, double)[4]" classname="org.example.lab2.StringCalculatorTest" time="0.001"/>
  <testcase name="decimalNumbers" classname="org.example.lab2.StringCalculatorTest" time="0.0"/>
  <testcase name="sqrtOfNegative" classname="org.example.lab2.StringCalculatorTest" time="0.001"/>
  <testcase name="operatorPrecedence(String, double)[1]" classname="org.example.lab2.StringCalculatorTest" time="0.0"/>
  <testcase name="operatorPrecedence(String, double)[2]" classname="org.example.lab2.StringCalculatorTest" time="0.0"/>
  <testcase name="operatorPrecedence(String, double)[3]" classname="org.example.lab2.StringCalculatorTest" time="0.001"/>
  <testcase name="operatorPrecedence(String, double)[4]" classname="org.example.lab2.StringCalculatorTest" time="0.001"/>
  <testcase name="mismatchedCloseParenthesis" classname="org.example.lab2.StringCalculatorTest" time="0.0"/>
  <testcase name="nestedFunctionAndVariable" classname="org.example.lab2.StringCalculatorTest" time="0.001"/>
  <testcase name="divisionByZero" classname="org.example.lab2.StringCalculatorTest" time="0.001"/>
  <testcase name="sinOf30" classname="org.example.lab2.StringCalculatorTest" time="0.0"/>
  <testcase name="sinOf90" classname="org.example.lab2.StringCalculatorTest" time="0.001"/>
</testsuite>